<?xml version="1.0" encoding="UTF-8"?>
<!-- Generated by org.testng.reporters.JUnitReportReporter -->
<testsuite hostname="hp" failures="0" tests="1" name="Test_Classes.Test_Class" time="7.877" errors="0" timestamp="2023-02-12T13:44:06 IST" skipped="0">
  <testcase classname="Test_Classes.Test_Class" name="verifyusername12" time="7.877"/>
  <system-out/>
</testsuite> <!-- Test_Classes.Test_Class -->
